<?xml version="1.0" encoding="UTF-8" ?>
<testsuite tests="3" failures="1" name="com.sg.vendingmachine.dao.ClassVendingMachineDaoImplTest" time="0.154" errors="0" skipped="0">
  <properties>
[...]
</properties>
  <testcase classname="com.sg.vendingmachine.dao.ClassVendingMachineDaoImplTest" name="com.sg.vendingmachine.dao.ClassVendingMachineDaoImplTest.testGetListProducts" time="0.083"/>
  <testcase classname="com.sg.vendingmachine.dao.ClassVendingMachineDaoImplTest" name="com.sg.vendingmachine.dao.ClassVendingMachineDaoImplTest.testLoadProductsFromFile" time="0.067">
    <failure message="File should match expected. ==&gt; expected: &lt;[Product{name=Chex Mix, cost=0.75, numberItemsInventory=16}, Product{name=Rice Krispy, cost=1.11, numberItemsInventory=8}, Product{name=Cheetos, cost=1.50, numberItemsInventory=4}]&gt; but was: &lt;[Product{name=Chex Mix, cost=0.75, numberItemsInventory=16}, Product{name=Dr Pepper, cost=2.00, numberItemsInventory=3}, Product{name=Lemonade, cost=1.23, numberItemsInventory=4}, Product{name=Fanta, cost=0.85, numberItemsInventory=12}, Product{name=Gatorade, cost=2.22, numberItemsInventory=6}, Product{name=Cheetos, cost=1.50, numberItemsInventory=4}, Product{name=Rice Krispy, cost=1.11, numberItemsInventory=8}]&gt;" type="org.opentest4j.AssertionFailedError">org.opentest4j.AssertionFailedError: File should match expected. ==&gt; expected: &lt;[Product{name=Chex Mix, cost=0.75, numberItemsInventory=16}, Product{name=Rice Krispy, cost=1.11, numberItemsInventory=8}, Product{name=Cheetos, cost=1.50, numberItemsInventory=4}]&gt; but was: &lt;[Product{name=Chex Mix, cost=0.75, numberItemsInventory=16}, Product{name=Dr Pepper, cost=2.00, numberItemsInventory=3}, Product{name=Lemonade, cost=1.23, numberItemsInventory=4}, Product{name=Fanta, cost=0.85, numberItemsInventory=12}, Product{name=Gatorade, cost=2.22, numberItemsInventory=6}, Product{name=Cheetos, cost=1.50, numberItemsInventory=4}, Product{name=Rice Krispy, cost=1.11, numberItemsInventory=8}]&gt;
	at org.junit.jupiter.api.AssertionFailureBuilder.build(AssertionFailureBuilder.java:151)
	at org.junit.jupiter.api.AssertionFailureBuilder.buildAndThrow(AssertionFailureBuilder.java:132)
	at org.junit.jupiter.api.AssertEquals.failNotEqual(AssertEquals.java:197)
	at org.junit.jupiter.api.AssertEquals.assertEquals(AssertEquals.java:182)
	at org.junit.jupiter.api.Assertions.assertEquals(Assertions.java:1153)
	at com.sg.vendingmachine.dao.ClassVendingMachineDaoImplTest.testLoadProductsFromFile(ClassVendingMachineDaoImplTest.java:93)
</failure>
  </testcase>
  <testcase classname="com.sg.vendingmachine.dao.ClassVendingMachineDaoImplTest" name="com.sg.vendingmachine.dao.ClassVendingMachineDaoImplTest.testAddGetProduct" time="0.004"/>
</testsuite>